[28.04.2021 16:30:43] You have connected to server
[28.04.2021 16:31:01] SERVER: Welcome, telnet! To leave chat type /exit
[28.04.2021 16:31:03] telnet: hey
[28.04.2021 16:31:05] SERVER: Welcome, Ildar! To leave chat type /exit
[28.04.2021 16:31:07] Ildar: hi
[28.04.2021 16:31:19] Ildar: OMG it's working
[28.04.2021 16:31:27] telnet: I guess so
[28.04.2021 16:31:30] Ildar: ok bye
[28.04.2021 16:31:34] telnet: bye
[28.04.2021 16:31:36] SERVER: telnet has left chat
[28.04.2021 16:31:40] You have disconnected from server
[28.04.2021 21:21:09] You have connected to server
[28.04.2021 21:21:12] SERVER: Welcome, Ildar! To leave chat type /exit
[28.04.2021 21:26:41] SERVER: Welcome, telnet! To leave chat type /exit
[28.04.2021 21:26:43] telnet: hi
[28.04.2021 21:27:32] SERVER: telnet was disconnected
[28.04.2021 21:28:22] You have connected to server
[28.04.2021 21:28:25] SERVER: Welcome, Ildar! To leave chat type /exit
[02.05.2021 00:36:49] You have connected to server
[02.05.2021 00:37:35] You have connected to server
[02.05.2021 00:37:42] SERVER: Welcome, ildar! To leave chat type /exit
[02.05.2021 00:38:12] SERVER: Welcome, telnet! To leave chat type /exit
[02.05.2021 00:38:20] telnet: hi
[02.05.2021 00:38:25] ildar: hi
[02.05.2021 00:38:45] ildar: jkgkk
[02.05.2021 00:38:48] You have disconnected from server
[22.06.2021 00:44:24] You have connected to server
[22.06.2021 00:44:30] SERVER: Welcome, Ildar! To leave chat type /exit
[22.06.2021 00:45:04] SERVER: Welcome, telnet! To leave chat type /exit
[22.06.2021 00:45:07] telnet: hi
[22.06.2021 00:45:11] Ildar: hi
[22.06.2021 00:45:23] telnet: how are you
[22.06.2021 00:45:25] Ildar: fine
[22.06.2021 00:45:38] telnet: bye
[22.06.2021 00:45:43] SERVER: telnet has left chat
[22.06.2021 00:45:50] You have disconnected from server
